<?xml version="1.0" encoding="UTF-8"?>
<testsuite name="com.esewashopping.customer.CustomerServiceImplTest" tests="8" skipped="0" failures="0" errors="0" timestamp="2024-08-05T06:24:18" hostname="MANJESH-RAYAMAJ" time="0.45">
  <properties/>
  <testcase name="deleteCustomer()" classname="com.esewashopping.customer.CustomerServiceImplTest" time="0.132"/>
  <testcase name="testSendVerificationEmail()" classname="com.esewashopping.customer.CustomerServiceImplTest" time="0.278"/>
  <testcase name="changeStatus()" classname="com.esewashopping.customer.CustomerServiceImplTest" time="0.005"/>
  <testcase name="getAllCustomer()" classname="com.esewashopping.customer.CustomerServiceImplTest" time="0.011"/>
  <testcase name="whenThrown_ResourceNotFoundException()" classname="com.esewashopping.customer.CustomerServiceImplTest" time="0.005"/>
  <testcase name="findCustomerById()" classname="com.esewashopping.customer.CustomerServiceImplTest" time="0.003"/>
  <testcase name="updateCustomer()" classname="com.esewashopping.customer.CustomerServiceImplTest" time="0.005"/>
  <testcase name="findByStatus()" classname="com.esewashopping.customer.CustomerServiceImplTest" time="0.004"/>
  <system-out><![CDATA[]]></system-out>
  <system-err><![CDATA[]]></system-err>
</testsuite>
