<?xml version="1.0" encoding="UTF-8"?>
<testsuite name="com.esewashopping.product.ProductServiceImplTest" tests="12" skipped="0" failures="0" errors="0" timestamp="2024-04-17T06:06:18" hostname="MANJESH-RAYAMAJ" time="4.29">
  <properties/>
  <testcase name="changeProductStatus()" classname="com.esewashopping.product.ProductServiceImplTest" time="4.119"/>
  <testcase name="updateProduct()" classname="com.esewashopping.product.ProductServiceImplTest" time="0.044"/>
  <testcase name="addProduct_When_New_Product_Is_Added()" classname="com.esewashopping.product.ProductServiceImplTest" time="0.034"/>
  <testcase name="productaddByCustomer()" classname="com.esewashopping.product.ProductServiceImplTest" time="0.012"/>
  <testcase name="deleteProduct()" classname="com.esewashopping.product.ProductServiceImplTest" time="0.011"/>
  <testcase name="resourceNotFoundException()" classname="com.esewashopping.product.ProductServiceImplTest" time="0.013"/>
  <testcase name="getById()" classname="com.esewashopping.product.ProductServiceImplTest" time="0.003"/>
  <testcase name="productByName()" classname="com.esewashopping.product.ProductServiceImplTest" time="0.005"/>
  <testcase name="addProduct_When_Existing_Product_Is_Added()" classname="com.esewashopping.product.ProductServiceImplTest" time="0.006"/>
  <testcase name="getAllProduct()" classname="com.esewashopping.product.ProductServiceImplTest" time="0.008"/>
  <testcase name="productByStatus()" classname="com.esewashopping.product.ProductServiceImplTest" time="0.007"/>
  <testcase name="productByCategory()" classname="com.esewashopping.product.ProductServiceImplTest" time="0.009"/>
  <system-out><![CDATA[]]></system-out>
  <system-err><![CDATA[WARNING: A Java agent has been loaded dynamically (C:\Users\Manjesh-Rayamajhi\.gradle\caches\modules-2\files-2.1\net.bytebuddy\byte-buddy-agent\1.14.11\f9cb566608fbac6bc7bf54901a7aa11543a989ee\byte-buddy-agent-1.14.11.jar)
WARNING: If a serviceability tool is in use, please run with -XX:+EnableDynamicAgentLoading to hide this warning
WARNING: If a serviceability tool is not in use, please run with -Djdk.instrument.traceUsage for more information
WARNING: Dynamic loading of agents will be disallowed by default in a future release
]]></system-err>
</testsuite>
