<?xml version="1.0" encoding="UTF-8"?>
<testsuite name="com.esewashopping.category.CategoryServiceImplTest" tests="6" skipped="0" failures="0" errors="0" timestamp="2024-08-05T06:24:17" hostname="MANJESH-RAYAMAJ" time="1.155">
  <properties/>
  <testcase name="deleteCategory()" classname="com.esewashopping.category.CategoryServiceImplTest" time="1.078"/>
  <testcase name="whenResourceNotFoundException()" classname="com.esewashopping.category.CategoryServiceImplTest" time="0.041"/>
  <testcase name="getAllCategory()" classname="com.esewashopping.category.CategoryServiceImplTest" time="0.016"/>
  <testcase name="categoryById()" classname="com.esewashopping.category.CategoryServiceImplTest" time="0.006"/>
  <testcase name="updateCategory()" classname="com.esewashopping.category.CategoryServiceImplTest" time="0.003"/>
  <testcase name="createCategory()" classname="com.esewashopping.category.CategoryServiceImplTest" time="0.002"/>
  <system-out><![CDATA[]]></system-out>
  <system-err><![CDATA[WARNING: A Java agent has been loaded dynamically (C:\Users\Manjesh-Rayamajhi\.gradle\caches\modules-2\files-2.1\net.bytebuddy\byte-buddy-agent\1.14.11\f9cb566608fbac6bc7bf54901a7aa11543a989ee\byte-buddy-agent-1.14.11.jar)
WARNING: If a serviceability tool is in use, please run with -XX:+EnableDynamicAgentLoading to hide this warning
WARNING: If a serviceability tool is not in use, please run with -Djdk.instrument.traceUsage for more information
WARNING: Dynamic loading of agents will be disallowed by default in a future release
]]></system-err>
</testsuite>
