<?xml version="1.0" encoding="UTF-8"?>
<testsuite name="com.esewashopping.product.ProductServiceImplTest" tests="12" skipped="0" failures="0" errors="0" timestamp="2024-08-05T06:24:19" hostname="MANJESH-RAYAMAJ" time="0.167">
  <properties/>
  <testcase name="changeProductStatus()" classname="com.esewashopping.product.ProductServiceImplTest" time="0.12"/>
  <testcase name="updateProduct()" classname="com.esewashopping.product.ProductServiceImplTest" time="0.005"/>
  <testcase name="addProduct_When_New_Product_Is_Added()" classname="com.esewashopping.product.ProductServiceImplTest" time="0.004"/>
  <testcase name="productaddByCustomer()" classname="com.esewashopping.product.ProductServiceImplTest" time="0.005"/>
  <testcase name="deleteProduct()" classname="com.esewashopping.product.ProductServiceImplTest" time="0.003"/>
  <testcase name="resourceNotFoundException()" classname="com.esewashopping.product.ProductServiceImplTest" time="0.004"/>
  <testcase name="getById()" classname="com.esewashopping.product.ProductServiceImplTest" time="0.002"/>
  <testcase name="productByName()" classname="com.esewashopping.product.ProductServiceImplTest" time="0.003"/>
  <testcase name="addProduct_When_Existing_Product_Is_Added()" classname="com.esewashopping.product.ProductServiceImplTest" time="0.005"/>
  <testcase name="getAllProduct()" classname="com.esewashopping.product.ProductServiceImplTest" time="0.004"/>
  <testcase name="productByStatus()" classname="com.esewashopping.product.ProductServiceImplTest" time="0.002"/>
  <testcase name="productByCategory()" classname="com.esewashopping.product.ProductServiceImplTest" time="0.004"/>
  <system-out><![CDATA[]]></system-out>
  <system-err><![CDATA[]]></system-err>
</testsuite>
